Dialog_lib/build/outputs/logs/manifest-merger-release-report.txt
-- Merging decision tree log ---
manifest
ADDED from NetworkManagement1.1\Dialog_lib\AndroidManifest.xml:1:1-8:12
INJECTED from NetworkManagement1.1\Dialog_lib\AndroidManifest.xml:1:1-8:12
INJECTED from NetworkManagement1.1\Dialog_lib\AndroidManifest.xml:1:1-8:12
	package
		ADDED from NetworkManagement1.1\Dialog_lib\AndroidManifest.xml:2:9-43
		INJECTED from NetworkManagement1.1\Dialog_lib\AndroidManifest.xml
		INJECTED from NetworkManagement1.1\Dialog_lib\AndroidManifest.xml
	xmlns:android
		ADDED from NetworkManagement1.1\Dialog_lib\AndroidManifest.xml:3:9-67
application
ADDED from NetworkManagement1.1\Dialog_lib\AndroidManifest.xml:5:5-6:19
	android:allowBackup
		ADDED from NetworkManagement1.1\Dialog_lib\AndroidManifest.xml:5:18-44